[2014-07-29.05:13:13]
Current Working Module: SurfaceDx9
Error : Can't Create Offscreen

[2014-07-29.05:13:16]
Current Working Module: CGame
Error : Can't Load Surface from file

[2014-07-29.05:13:21]
Current Working Module: SurfaceDx9
Error : Can't Create Offscreen

[2014-07-29.05:13:43]
Current Working Module: CGame
Error : Can't Load Surface from file

[2014-07-29.05:27:48]
Current Working Module: SurfaceDx9
Error : Can't Create Offscreen

[2014-07-29.05:27:48]
Current Working Module: CGame
Error : Can't Load Surface from file

[2014-07-29.05:28:05]
Current Working Module: SurfaceDx9
Error : Can't Create Offscreen

[2014-07-29.05:28:05]
Current Working Module: CGame
Error : Can't Load Surface from file

[2014-07-29.05:43:50]
Current Working Module: SurfaceDx9
Error : Can't Create Offscreen

[2014-07-29.05:43:50]
Current Working Module: CGame
Error : Can't Load Surface from file

[2014-07-29.05:50:09]
Current Working Module: SurfaceDx9
Error : Can't Create Offscreen

[2014-07-29.05:50:09]
Current Working Module: CGame
Error : Can't Load Surface from file

[2014-07-29.05:50:46]
Current Working Module: SurfaceDx9
Error : Can't Create Offscreen

[2014-07-29.05:50:46]
Current Working Module: CGame
Error : Can't Load Surface from file

[2014-07-29.05:51:09]
Current Working Module: SurfaceDx9
Error : Can't Create Offscreen

[2014-07-29.05:51:09]
Current Working Module: CGame
Error : Can't Load Surface from file

[2014-07-29.05:51:28]
Current Working Module: SurfaceDx9
Error : Can't Create Offscreen

[2014-07-29.05:52:54]
Current Working Module: SurfaceDx9
Error : Can't Create Offscreen

[2014-07-29.05:52:54]
Current Working Module: CGame
Error : Can't Load Surface from file

[2014-07-29.05:53:14]
Current Working Module: SurfaceDx9
Error : Can't Create Offscreen

[2014-07-29.05:53:14]
Current Working Module: CGame
Error : Can't Load Surface from file

[2014-08-01.18:25:30]
Current Working Module: CGame
Info : Testing Game

[2014-08-01.18:29:15]
Current Working Module: CGame
Info : Testing Game

[2014-08-01.18:30:00]
Current Working Module: CGame
Info : Testing Game

[2014-08-01.18:30:11]
Current Working Module: CGame
Info : Testing Game

[2014-08-01.18:30:25]
Current Working Module: CGame
Info : Testing Game

[2014-08-01.19:47:58]
Current Working Module: CGame
Info : Testing Game

[2014-08-01.19:48:16]
Current Working Module: CGame
Info : Testing Game

[2014-08-01.20:14:48]
Current Working Module: CGame
Info : Testing Game

[2014-08-01.20:16:08]
Current Working Module: CGame
Info : Testing Game

[2014-08-01.20:16:30]
Current Working Module: CGame
Info : Testing Game

[2014-08-01.20:21:21]
Current Working Module: CGame
Info : Testing Game

[2014-08-01.20:21:28]
Current Working Module: CGame
Info : Testing Game

[2014-08-01.20:21:35]
Current Working Module: CGame
Info : Testing Game

[2014-08-01.20:23:26]
Current Working Module: CGame
Info : Testing Game

[2014-08-01.20:25:19]
Current Working Module: CGame
Info : Testing Game

[2014-08-01.20:25:40]
Current Working Module: CGame
Info : Testing Game

[2014-08-01.20:26:37]
Current Working Module: CGame
Info : Testing Game

[2014-08-01.20:26:51]
Current Working Module: CGame
Info : Testing Game

[2014-08-01.20:27:14]
Current Working Module: CGame
Info : Testing Game

[2014-08-01.20:27:45]
Current Working Module: CGame
Info : Testing Game

