[2014-07-29.05:13:13]
Current Working Module: SurfaceDx9
Error : Can't Create Offscreen

[2014-07-29.05:13:16]
Current Working Module: CGame
Error : Can't Load Surface from file

[2014-07-29.05:13:21]
Current Working Module: SurfaceDx9
Error : Can't Create Offscreen

[2014-07-29.05:13:43]
Current Working Module: CGame
Error : Can't Load Surface from file

[2014-07-29.05:27:48]
Current Working Module: SurfaceDx9
Error : Can't Create Offscreen

[2014-07-29.05:27:48]
Current Working Module: CGame
Error : Can't Load Surface from file

[2014-07-29.05:28:05]
Current Working Module: SurfaceDx9
Error : Can't Create Offscreen

[2014-07-29.05:28:05]
Current Working Module: CGame
Error : Can't Load Surface from file

[2014-07-29.05:43:50]
Current Working Module: SurfaceDx9
Error : Can't Create Offscreen

[2014-07-29.05:43:50]
Current Working Module: CGame
Error : Can't Load Surface from file

[2014-07-29.05:50:09]
Current Working Module: SurfaceDx9
Error : Can't Create Offscreen

[2014-07-29.05:50:09]
Current Working Module: CGame
Error : Can't Load Surface from file

[2014-07-29.05:50:46]
Current Working Module: SurfaceDx9
Error : Can't Create Offscreen

[2014-07-29.05:50:46]
Current Working Module: CGame
Error : Can't Load Surface from file

[2014-07-29.05:51:09]
Current Working Module: SurfaceDx9
Error : Can't Create Offscreen

[2014-07-29.05:51:09]
Current Working Module: CGame
Error : Can't Load Surface from file

[2014-07-29.05:51:28]
Current Working Module: SurfaceDx9
Error : Can't Create Offscreen

[2014-07-29.05:52:54]
Current Working Module: SurfaceDx9
Error : Can't Create Offscreen

[2014-07-29.05:52:54]
Current Working Module: CGame
Error : Can't Load Surface from file

[2014-07-29.05:53:14]
Current Working Module: SurfaceDx9
Error : Can't Create Offscreen

[2014-07-29.05:53:14]
Current Working Module: CGame
Error : Can't Load Surface from file

