[2014-07-29.05:13:13]
Current Working Module: SurfaceDx9
Error : Can't Create Offscreen

[2014-07-29.05:13:16]
Current Working Module: CGame
Error : Can't Load Surface from file

[2014-07-29.05:13:21]
Current Working Module: SurfaceDx9
Error : Can't Create Offscreen

[2014-07-29.05:13:43]
Current Working Module: CGame
Error : Can't Load Surface from file

[2014-07-29.05:27:48]
Current Working Module: SurfaceDx9
Error : Can't Create Offscreen

[2014-07-29.05:27:48]
Current Working Module: CGame
Error : Can't Load Surface from file

[2014-07-29.05:28:05]
Current Working Module: SurfaceDx9
Error : Can't Create Offscreen

[2014-07-29.05:28:05]
Current Working Module: CGame
Error : Can't Load Surface from file

[2014-07-29.05:43:50]
Current Working Module: SurfaceDx9
Error : Can't Create Offscreen

[2014-07-29.05:43:50]
Current Working Module: CGame
Error : Can't Load Surface from file

[2014-07-29.05:50:09]
Current Working Module: SurfaceDx9
Error : Can't Create Offscreen

[2014-07-29.05:50:09]
Current Working Module: CGame
Error : Can't Load Surface from file

[2014-07-29.05:50:46]
Current Working Module: SurfaceDx9
Error : Can't Create Offscreen

[2014-07-29.05:50:46]
Current Working Module: CGame
Error : Can't Load Surface from file

[2014-07-29.05:51:09]
Current Working Module: SurfaceDx9
Error : Can't Create Offscreen

[2014-07-29.05:51:09]
Current Working Module: CGame
Error : Can't Load Surface from file

[2014-07-29.05:51:28]
Current Working Module: SurfaceDx9
Error : Can't Create Offscreen

[2014-07-29.05:52:54]
Current Working Module: SurfaceDx9
Error : Can't Create Offscreen

[2014-07-29.05:52:54]
Current Working Module: CGame
Error : Can't Load Surface from file

[2014-07-29.05:53:14]
Current Working Module: SurfaceDx9
Error : Can't Create Offscreen

[2014-07-29.05:53:14]
Current Working Module: CGame
Error : Can't Load Surface from file

[2014-08-01.18:25:30]
Current Working Module: CGame
Info : Testing Game

[2014-08-01.18:29:15]
Current Working Module: CGame
Info : Testing Game

[2014-08-01.18:30:00]
Current Working Module: CGame
Info : Testing Game

[2014-08-01.18:30:11]
Current Working Module: CGame
Info : Testing Game

[2014-08-01.18:30:25]
Current Working Module: CGame
Info : Testing Game

[2014-08-01.19:47:58]
Current Working Module: CGame
Info : Testing Game

[2014-08-01.19:48:16]
Current Working Module: CGame
Info : Testing Game

[2014-08-01.20:14:48]
Current Working Module: CGame
Info : Testing Game

[2014-08-01.20:16:08]
Current Working Module: CGame
Info : Testing Game

[2014-08-01.20:16:30]
Current Working Module: CGame
Info : Testing Game

[2014-08-01.20:21:21]
Current Working Module: CGame
Info : Testing Game

[2014-08-01.20:21:28]
Current Working Module: CGame
Info : Testing Game

[2014-08-01.20:21:35]
Current Working Module: CGame
Info : Testing Game

[2014-08-01.20:23:26]
Current Working Module: CGame
Info : Testing Game

[2014-08-01.20:25:19]
Current Working Module: CGame
Info : Testing Game

[2014-08-01.20:25:40]
Current Working Module: CGame
Info : Testing Game

[2014-08-01.20:26:37]
Current Working Module: CGame
Info : Testing Game

[2014-08-01.20:26:51]
Current Working Module: CGame
Info : Testing Game

[2014-08-01.20:27:14]
Current Working Module: CGame
Info : Testing Game

[2014-08-01.20:27:45]
Current Working Module: CGame
Info : Testing Game

[2014-08-01.20:55:35]
Current Working Module: CGame
Info : Testing Game

[2014-08-01.20:55:55]
Current Working Module: CGame
Info : Testing Game

[2014-08-01.20:57:55]
Current Working Module: CGame
Info : Testing Game

[2014-08-01.21:09:51]
Current Working Module: CGame
Info : Testing Game

[2014-08-01.21:09:55]
Current Working Module: CGame
Info : Testing Game

[2014-08-01.21:10:13]
Current Working Module: CGame
Info : Testing Game

[2014-08-01.21:10:40]
Current Working Module: CGame
Info : Testing Game

[2014-08-01.21:11:59]
Current Working Module: CGame
Info : Testing Game

[2014-08-01.21:14:23]
Current Working Module: CGame
Info : Testing Game

[2014-08-01.22:05:54]
Current Working Module: CGame
Info : Testing Game

[2014-08-01.22:16:50]
Current Working Module: CGame
Info : Testing Game

[2014-08-01.22:23:27]
Current Working Module: CGame
Info : Testing Game

[2014-08-01.22:24:40]
Current Working Module: CGame
Info : Testing Game

[2014-08-01.22:25:38]
Current Working Module: CGame
Info : Testing Game

[2014-08-01.22:26:55]
Current Working Module: CGame
Info : Testing Game

[2014-08-01.23:02:36]
Current Working Module: CGame
Info : Testing Game

[2014-08-01.23:13:01]
Current Working Module: CGame
Info : Testing Game

[2014-08-01.23:21:44]
Current Working Module: CGame
Info : Testing Game

[2014-08-01.23:29:53]
Current Working Module: CGame
Info : Testing Game

[2014-08-01.23:31:33]
Current Working Module: CGame
Info : Testing Game

[2014-08-01.23:34:31]
Current Working Module: CGame
Info : Testing Game

[2014-08-01.23:34:42]
Current Working Module: CTextureDx9
Error : Can't Create Texture from file

[2014-08-01.23:34:42]
Current Working Module: CGame
Info : Testing Game

[2014-08-01.23:45:15]
Current Working Module: CGame
Info : Testing Game

[2014-08-01.23:47:56]
Current Working Module: CGame
Info : Testing Game

[2014-08-01.23:53:07]
Current Working Module: CGame
Info : Testing Game

[2014-08-02.00:02:29]
Current Working Module: CGame
Info : Testing Game

[2014-08-02.00:03:09]
Current Working Module: CGame
Info : Testing Game

[2014-08-02.00:03:55]
Current Working Module: CGame
Info : Testing Game

[2014-08-02.00:10:22]
Current Working Module: CGame
Info : Testing Game

[2014-08-02.00:18:40]
Current Working Module: CGame
Info : Testing Game

[2014-08-02.00:29:48]
Current Working Module: CGame
Info : Testing Game

[2014-08-02.00:31:37]
Current Working Module: CGame
Info : Testing Game

[2014-08-02.00:32:57]
Current Working Module: CGame
Info : Testing Game

[2014-08-02.00:33:14]
Current Working Module: CGame
Info : Testing Game

[2014-08-02.00:42:11]
Current Working Module: CGame
Info : Testing Game

[2014-08-02.07:36:47]
Current Working Module: CGame
Info : Testing Game

[2014-08-02.07:42:33]
Current Working Module: CGame
Info : Testing Game

[2014-08-02.07:46:10]
Current Working Module: CGame
Info : Testing Game

[2014-08-02.07:46:59]
Current Working Module: CGame
Info : Testing Game

[2014-08-02.07:47:08]
Current Working Module: CGame
Info : Testing Game

[2014-08-02.07:47:12]
Current Working Module: CGame
Info : Testing Game

[2014-08-02.07:47:22]
Current Working Module: CGame
Info : Testing Game

[2014-08-02.07:47:29]
Current Working Module: CGame
Info : Testing Game

[2014-08-02.07:47:46]
Current Working Module: CGame
Info : Testing Game

[2014-08-02.07:48:05]
Current Working Module: CGame
Info : Testing Game

[2014-08-02.07:48:49]
Current Working Module: CGame
Info : Testing Game

[2014-08-02.07:50:33]
Current Working Module: CGame
Info : Testing Game

[2014-08-02.08:39:32]
Current Working Module: CGame
Info : Testing Game

[2014-08-02.09:15:13]
Current Working Module: CGame
Info : Testing Game

[2014-08-02.09:15:39]
Current Working Module: CGame
Info : Testing Game

[2014-08-02.09:18:06]
Current Working Module: CGame
Info : Testing Game

[2014-08-02.09:27:50]
Current Working Module: CGame
Info : Testing Game

[2014-08-02.09:51:06]
Current Working Module: CGame
Info : Testing Game

[2014-08-02.09:54:52]
Current Working Module: CGame
Info : Testing Game

[2014-08-02.10:03:35]
Current Working Module: CGame
Info : Testing Game

[2014-08-02.10:04:00]
Current Working Module: CGame
Info : Testing Game

[2014-08-02.10:05:20]
Current Working Module: CGame
Info : Testing Game

[Date: 2014-08-02 Time: 10:08:10]
Current Working Module: CGame
Info : Testing Game

[Date: 2014-08-02 Time: 10:08:54]
Current Working Module: CGame
Info : Testing Game

[Date: 2014-08-02 / Time: 10:09:54]
Current Working Module: CGame
Info : Testing Game

[Date: 02-08-2014 / Time: 10:10:39]
Current Working Module: CGame
Info : Testing Game

[Date: 02-08-2014 / Time: 10:11:39]
Current Working Module: EntryPoint
Info : Testing Game

[Date: 02-08-2014 / Time: 10:14:13]
Current Working Module: EntryPoint
Info : Testing Game

[Date: 02-08-2014 / Time: 10:21:24]
Current Working Module: EntryPoint
Info : Testing Game

[Date: 02-08-2014 / Time: 10:35:22]
Current Working Module: EntryPoint
Info : Testing Game

[Date: 02-08-2014 / Time: 10:35:22]
Current Working Module: CTextureDx9
Error : Can't Create Texture from file

[Date: 02-08-2014 / Time: 10:35:45]
Current Working Module: EntryPoint
Info : Testing Game

[Date: 02-08-2014 / Time: 10:35:45]
Current Working Module: CTextureDx9
Error : Can't Create Texture from file

[Date: 02-08-2014 / Time: 10:39:08]
Current Working Module: EntryPoint
Info : Testing Game

[Date: 02-08-2014 / Time: 10:39:19]
Current Working Module: EntryPoint
Info : Testing Game

[Date: 02-08-2014 / Time: 10:39:19]
Current Working Module: CTextureDx9
Error : Can't Create Texture from file

[Date: 02-08-2014 / Time: 10:40:32]
Current Working Module: EntryPoint
Info : Testing Game

[Date: 02-08-2014 / Time: 10:41:08]
Current Working Module: EntryPoint
Info : Testing Game

[Date: 02-08-2014 / Time: 10:41:09]
Current Working Module: CTextureDx9
Error : Can't Create Texture from file

[Date: 02-08-2014 / Time: 10:41:28]
Current Working Module: EntryPoint
Info : Testing Game

[Date: 02-08-2014 / Time: 10:42:11]
Current Working Module: EntryPoint
Info : Testing Game

[Date: 02-08-2014 / Time: 10:42:38]
Current Working Module: EntryPoint
Info : Testing Game

[Date: 02-08-2014 / Time: 10:42:38]
Current Working Module: CTextureDx9
Error : Can't Create Texture from file

[Date: 02-08-2014 / Time: 10:44:05]
Current Working Module: EntryPoint
Info : Testing Game

[Date: 02-08-2014 / Time: 10:44:07]
Current Working Module: CTextureDx9
Error : Can't Create Texture from file

[Date: 02-08-2014 / Time: 10:44:12]
Current Working Module: EntryPoint
Info : Testing Game

[Date: 02-08-2014 / Time: 10:45:59]
Current Working Module: EntryPoint
Info : Testing Game

[Date: 02-08-2014 / Time: 10:46:24]
Current Working Module: EntryPoint
Info : Testing Game

[Date: 02-08-2014 / Time: 10:46:24]
Current Working Module: CTextureDx9
Error : Can't Create Texture from file

[Date: 02-08-2014 / Time: 10:47:12]
Current Working Module: EntryPoint
Info : Testing Game

[Date: 02-08-2014 / Time: 10:50:06]
Current Working Module: EntryPoint
Info : Testing Game

[Date: 02-08-2014 / Time: 10:50:06]
Current Working Module: CGame
Error : Can't create Direct Device!!!

[Date: 02-08-2014 / Time: 10:50:06]
Current Working Module: CTextureDx9
Error : Can't Create Texture from file

[Date: 02-08-2014 / Time: 10:50:38]
Current Working Module: EntryPoint
Info : Testing Game

[Date: 02-08-2014 / Time: 10:50:38]
Current Working Module: CTextureDx9
Error : Can't Create Texture from file

[Date: 02-08-2014 / Time: 10:50:56]
Current Working Module: EntryPoint
Info : Testing Game

[Date: 02-08-2014 / Time: 10:50:56]
Current Working Module: CTextureDx9
Error : Can't Create Texture from file

[Date: 02-08-2014 / Time: 10:52:54]
Current Working Module: EntryPoint
Info : Testing Game

[Date: 02-08-2014 / Time: 10:54:03]
Current Working Module: EntryPoint
Info : Testing Game

[Date: 02-08-2014 / Time: 10:54:03]
Current Working Module: CTextureDx9
Error : Can't Create Texture from file

[Date: 02-08-2014 / Time: 10:54:54]
Current Working Module: EntryPoint
Info : Testing Game

[Date: 02-08-2014 / Time: 10:54:54]
Current Working Module: CTextureDx9
Error : Can't Create Texture from file

[Date: 02-08-2014 / Time: 10:56:15]
Current Working Module: EntryPoint
Info : Testing Game

[Date: 02-08-2014 / Time: 10:56:21]
Current Working Module: EntryPoint
Info : Testing Game

[Date: 02-08-2014 / Time: 10:56:41]
Current Working Module: EntryPoint
Info : Testing Game

[Date: 02-08-2014 / Time: 10:56:41]
Current Working Module: CTextureDx9
Error : Can't Create Texture from file

[Date: 02-08-2014 / Time: 10:57:03]
Current Working Module: EntryPoint
Info : Testing Game

[Date: 02-08-2014 / Time: 10:57:47]
Current Working Module: EntryPoint
Info : Testing Game

[Date: 02-08-2014 / Time: 10:58:00]
Current Working Module: EntryPoint
Info : Testing Game

[Date: 02-08-2014 / Time: 10:58:24]
Current Working Module: EntryPoint
Info : Testing Game

[Date: 02-08-2014 / Time: 10:59:04]
Current Working Module: EntryPoint
Info : Testing Game

[Date: 02-08-2014 / Time: 11:07:18]
Current Working Module: EntryPoint
Info : Testing Game

[Date: 02-08-2014 / Time: 11:07:18]
Current Working Module: CGame
Error : Can't create Direct3D Sprite Handle Device

[Date: 02-08-2014 / Time: 11:07:37]
Current Working Module: EntryPoint
Info : Testing Game

[Date: 02-08-2014 / Time: 11:24:14]
Current Working Module: EntryPoint
Info : Testing Game

[Date: 02-08-2014 / Time: 11:24:25]
Current Working Module: EntryPoint
Info : Testing Game

[Date: 02-08-2014 / Time: 11:24:43]
Current Working Module: EntryPoint
Info : Testing Game

